<?xml version="1.0" encoding="UTF-8" ?>
<testsuite tests="1" failures="0" name="com.lzy.shop.service.ShopServiceImplTest" time="0.286" errors="1" skipped="0">
  <properties>
[...]
</properties>
  <testcase classname="com.lzy.shop.service.ShopServiceImplTest" name="test" time="0.286">
    <error message="Invalid bound statement (not found): com.lzy.shop.dao.ShopMapper.getList" type="org.apache.ibatis.binding.BindingException">org.apache.ibatis.binding.BindingException: Invalid bound statement (not found): com.lzy.shop.dao.ShopMapper.getList
	at org.apache.ibatis.binding.MapperMethod$SqlCommand.&lt;init&gt;(MapperMethod.java:230)
	at org.apache.ibatis.binding.MapperMethod.&lt;init&gt;(MapperMethod.java:48)
	at org.apache.ibatis.binding.MapperProxy.cachedMapperMethod(MapperProxy.java:65)
	at org.apache.ibatis.binding.MapperProxy.invoke(MapperProxy.java:58)
	at com.sun.proxy.$Proxy19.getList(Unknown Source)
	at com.lzy.shop.service.ShopServiceImpl.getList(ShopServiceImpl.java:21)
	at sun.reflect.NativeMethodAccessorImpl.invoke0(Native Method)
	at sun.reflect.NativeMethodAccessorImpl.invoke(NativeMethodAccessorImpl.java:62)
	at sun.reflect.DelegatingMethodAccessorImpl.invoke(DelegatingMethodAccessorImpl.java:43)
	at java.lang.reflect.Method.invoke(Method.java:498)
	at org.springframework.aop.support.AopUtils.invokeJoinpointUsingReflection(AopUtils.java:333)
	at org.springframework.aop.framework.ReflectiveMethodInvocation.invokeJoinpoint(ReflectiveMethodInvocation.java:190)
	at org.springframework.aop.framework.ReflectiveMethodInvocation.proceed(ReflectiveMethodInvocation.java:157)
	at org.springframework.transaction.interceptor.TransactionInterceptor$1.proceedWithInvocation(TransactionInterceptor.java:99)
	at org.springframework.transaction.interceptor.TransactionAspectSupport.invokeWithinTransaction(TransactionAspectSupport.java:282)
	at org.springframework.transaction.interceptor.TransactionInterceptor.invoke(TransactionInterceptor.java:96)
	at org.springframework.aop.framework.ReflectiveMethodInvocation.proceed(ReflectiveMethodInvocation.java:179)
	at org.springframework.aop.interceptor.ExposeInvocationInterceptor.invoke(ExposeInvocationInterceptor.java:92)
	at org.springframework.aop.framework.ReflectiveMethodInvocation.proceed(ReflectiveMethodInvocation.java:179)
	at org.springframework.aop.framework.JdkDynamicAopProxy.invoke(JdkDynamicAopProxy.java:213)
	at com.sun.proxy.$Proxy22.getList(Unknown Source)
	at com.lzy.shop.service.ShopServiceImplTest.test(ShopServiceImplTest.java:26)
	at sun.reflect.NativeMethodAccessorImpl.invoke0(Native Method)
	at sun.reflect.NativeMethodAccessorImpl.invoke(NativeMethodAccessorImpl.java:62)
	at sun.reflect.DelegatingMethodAccessorImpl.invoke(DelegatingMethodAccessorImpl.java:43)
	at java.lang.reflect.Method.invoke(Method.java:498)
	at org.junit.runners.model.FrameworkMethod$1.runReflectiveCall(FrameworkMethod.java:50)
	at org.junit.internal.runners.model.ReflectiveCallable.run(ReflectiveCallable.java:12)
	at org.junit.runners.model.FrameworkMethod.invokeExplosively(FrameworkMethod.java:47)
	at org.junit.internal.runners.statements.InvokeMethod.evaluate(InvokeMethod.java:17)
	at org.springframework.test.context.junit4.statements.RunBeforeTestMethodCallbacks.evaluate(RunBeforeTestMethodCallbacks.java:75)
	at org.springframework.test.context.junit4.statements.RunAfterTestMethodCallbacks.evaluate(RunAfterTestMethodCallbacks.java:86)
	at org.springframework.test.context.junit4.statements.SpringRepeat.evaluate(SpringRepeat.java:84)
	at org.junit.runners.ParentRunner.runLeaf(ParentRunner.java:325)
	at org.springframework.test.context.junit4.SpringJUnit4ClassRunner.runChild(SpringJUnit4ClassRunner.java:252)
	at org.springframework.test.context.junit4.SpringJUnit4ClassRunner.runChild(SpringJUnit4ClassRunner.java:94)
	at org.junit.runners.ParentRunner$3.run(ParentRunner.java:290)
	at org.junit.runners.ParentRunner$1.schedule(ParentRunner.java:71)
	at org.junit.runners.ParentRunner.runChildren(ParentRunner.java:288)
	at org.junit.runners.ParentRunner.access$000(ParentRunner.java:58)
	at org.junit.runners.ParentRunner$2.evaluate(ParentRunner.java:268)
	at org.springframework.test.context.junit4.statements.RunBeforeTestClassCallbacks.evaluate(RunBeforeTestClassCallbacks.java:61)
	at org.springframework.test.context.junit4.statements.RunAfterTestClassCallbacks.evaluate(RunAfterTestClassCallbacks.java:70)
	at org.junit.runners.ParentRunner.run(ParentRunner.java:363)
	at org.springframework.test.context.junit4.SpringJUnit4ClassRunner.run(SpringJUnit4ClassRunner.java:191)
	at org.apache.maven.surefire.junit4.JUnit4Provider.execute(JUnit4Provider.java:252)
	at org.apache.maven.surefire.junit4.JUnit4Provider.executeTestSet(JUnit4Provider.java:141)
	at org.apache.maven.surefire.junit4.JUnit4Provider.invoke(JUnit4Provider.java:112)
	at sun.reflect.NativeMethodAccessorImpl.invoke0(Native Method)
	at sun.reflect.NativeMethodAccessorImpl.invoke(NativeMethodAccessorImpl.java:62)
	at sun.reflect.DelegatingMethodAccessorImpl.invoke(DelegatingMethodAccessorImpl.java:43)
	at java.lang.reflect.Method.invoke(Method.java:498)
	at org.apache.maven.surefire.util.ReflectionUtils.invokeMethodWithArray(ReflectionUtils.java:189)
	at org.apache.maven.surefire.booter.ProviderFactory$ProviderProxy.invoke(ProviderFactory.java:165)
	at org.apache.maven.surefire.booter.ProviderFactory.invokeProvider(ProviderFactory.java:85)
	at org.apache.maven.surefire.booter.ForkedBooter.runSuitesInProcess(ForkedBooter.java:115)
	at org.apache.maven.surefire.booter.ForkedBooter.main(ForkedBooter.java:75)
</error>
    <system-out>SpringJUnit4ClassRunner constructor called with [class com.lzy.shop.service.ShopServiceImplTest]
Instantiating CacheAwareContextLoaderDelegate from class [org.springframework.test.context.cache.DefaultCacheAwareContextLoaderDelegate]
Instantiating BootstrapContext using constructor [public org.springframework.test.context.support.DefaultBootstrapContext(java.lang.Class,org.springframework.test.context.CacheAwareContextLoaderDelegate)]
Instantiating TestContextBootstrapper for test class [com.lzy.shop.service.ShopServiceImplTest] from class [org.springframework.test.context.support.DefaultTestContextBootstrapper]
Delegating to GenericXmlContextLoader to process context configuration [ContextConfigurationAttributes@1810399e declaringClass = &apos;com.lzy.shop.service.ShopServiceImplTest&apos;, classes = &apos;{}&apos;, locations = &apos;{classpath:spring-beans.xml}&apos;, inheritLocations = true, initializers = &apos;{}&apos;, inheritInitializers = true, name = [null], contextLoaderClass = &apos;org.springframework.test.context.ContextLoader&apos;].
Could not find an &apos;annotation declaring class&apos; for annotation type [org.springframework.test.context.ActiveProfiles] and class [com.lzy.shop.service.ShopServiceImplTest]
@TestExecutionListeners is not present for class [com.lzy.shop.service.ShopServiceImplTest]: using defaults.
Loaded default TestExecutionListener class names from location [META-INF/spring.factories]: [org.springframework.test.context.web.ServletTestExecutionListener, org.springframework.test.context.support.DirtiesContextBeforeModesTestExecutionListener, org.springframework.test.context.support.DependencyInjectionTestExecutionListener, org.springframework.test.context.support.DirtiesContextTestExecutionListener, org.springframework.test.context.transaction.TransactionalTestExecutionListener, org.springframework.test.context.jdbc.SqlScriptsTestExecutionListener]
Using TestExecutionListeners: [org.springframework.test.context.web.ServletTestExecutionListener@6e1567f1, org.springframework.test.context.support.DirtiesContextBeforeModesTestExecutionListener@5cb9f472, org.springframework.test.context.support.DependencyInjectionTestExecutionListener@cb644e, org.springframework.test.context.support.DirtiesContextTestExecutionListener@13805618, org.springframework.test.context.transaction.TransactionalTestExecutionListener@56ef9176, org.springframework.test.context.jdbc.SqlScriptsTestExecutionListener@4566e5bd]
Retrieved @ProfileValueSourceConfiguration [null] for test class [com.lzy.shop.service.ShopServiceImplTest]
Retrieved ProfileValueSource type [class org.springframework.test.annotation.SystemProfileValueSource] for class [com.lzy.shop.service.ShopServiceImplTest]
Retrieved @ProfileValueSourceConfiguration [null] for test class [com.lzy.shop.service.ShopServiceImplTest]
Retrieved ProfileValueSource type [class org.springframework.test.annotation.SystemProfileValueSource] for class [com.lzy.shop.service.ShopServiceImplTest]
Before test class: context [DefaultTestContext@dc24521 testClass = ShopServiceImplTest, testInstance = [null], testMethod = [null], testException = [null], mergedContextConfiguration = [MergedContextConfiguration@10bdf5e5 testClass = ShopServiceImplTest, locations = &apos;{classpath:spring-beans.xml}&apos;, classes = &apos;{}&apos;, contextInitializerClasses = &apos;[]&apos;, activeProfiles = &apos;{}&apos;, propertySourceLocations = &apos;{}&apos;, propertySourceProperties = &apos;{}&apos;, contextCustomizers = set[[empty]], contextLoader = &apos;org.springframework.test.context.support.DelegatingSmartContextLoader&apos;, parent = [null]]], class annotated with @DirtiesContext [false] with mode [null].
Retrieved @ProfileValueSourceConfiguration [null] for test class [com.lzy.shop.service.ShopServiceImplTest]
Retrieved ProfileValueSource type [class org.springframework.test.annotation.SystemProfileValueSource] for class [com.lzy.shop.service.ShopServiceImplTest]
Performing dependency injection for test context [[DefaultTestContext@dc24521 testClass = ShopServiceImplTest, testInstance = com.lzy.shop.service.ShopServiceImplTest@a67c67e, testMethod = [null], testException = [null], mergedContextConfiguration = [MergedContextConfiguration@10bdf5e5 testClass = ShopServiceImplTest, locations = &apos;{classpath:spring-beans.xml}&apos;, classes = &apos;{}&apos;, contextInitializerClasses = &apos;[]&apos;, activeProfiles = &apos;{}&apos;, propertySourceLocations = &apos;{}&apos;, propertySourceProperties = &apos;{}&apos;, contextCustomizers = set[[empty]], contextLoader = &apos;org.springframework.test.context.support.DelegatingSmartContextLoader&apos;, parent = [null]]]].
Delegating to GenericXmlContextLoader to load context from [MergedContextConfiguration@10bdf5e5 testClass = ShopServiceImplTest, locations = &apos;{classpath:spring-beans.xml}&apos;, classes = &apos;{}&apos;, contextInitializerClasses = &apos;[]&apos;, activeProfiles = &apos;{}&apos;, propertySourceLocations = &apos;{}&apos;, propertySourceProperties = &apos;{}&apos;, contextCustomizers = set[[empty]], contextLoader = &apos;org.springframework.test.context.support.DelegatingSmartContextLoader&apos;, parent = [null]].
Loading ApplicationContext for merged context configuration [[MergedContextConfiguration@10bdf5e5 testClass = ShopServiceImplTest, locations = &apos;{classpath:spring-beans.xml}&apos;, classes = &apos;{}&apos;, contextInitializerClasses = &apos;[]&apos;, activeProfiles = &apos;{}&apos;, propertySourceLocations = &apos;{}&apos;, propertySourceProperties = &apos;{}&apos;, contextCustomizers = set[[empty]], contextLoader = &apos;org.springframework.test.context.support.DelegatingSmartContextLoader&apos;, parent = [null]]].
Adding PropertySource &apos;systemProperties&apos; with lowest search precedence
Adding PropertySource &apos;systemEnvironment&apos; with lowest search precedence
Initialized StandardEnvironment with PropertySources [MapPropertySource@842326585 {name=&apos;systemProperties&apos;, properties={java.runtime.name=Java(TM) SE Runtime Environment, sun.boot.library.path=C:\Program Files\Java\jdk1.8.0_91\jre\bin, java.vm.version=25.91-b14, java.vm.vendor=Oracle Corporation, java.vendor.url=http://java.oracle.com/, path.separator=;, java.vm.name=Java HotSpot(TM) 64-Bit Server VM, file.encoding.pkg=sun.io, user.country=CN, user.script=, sun.java.launcher=SUN_STANDARD, sun.os.patch.level=, java.vm.specification.name=Java Virtual Machine Specification, user.dir=D:\class\1703a_ssm\lzy_shop, java.runtime.version=1.8.0_91-b14, basedir=D:\class\1703a_ssm\lzy_shop, java.awt.graphicsenv=sun.awt.Win32GraphicsEnvironment, java.endorsed.dirs=C:\Program Files\Java\jdk1.8.0_91\jre\lib\endorsed, os.arch=amd64, surefire.real.class.path=D:\class\1703a_ssm\lzy_shop\target\surefire\surefirebooter1685568238458422195.jar, java.io.tmpdir=C:\Users\ADMINI~1\AppData\Local\Temp\, line.separator=
, java.vm.specification.vendor=Oracle Corporation, user.variant=, os.name=Windows 10, sun.jnu.encoding=GBK, java.library.path=C:\Program Files\Java\jdk1.8.0_91\jre\bin;C:\WINDOWS\Sun\Java\bin;C:\WINDOWS\system32;C:\WINDOWS;C:/Program Files/Java/jdk1.8.0_91/bin/../jre/bin/server;C:/Program Files/Java/jdk1.8.0_91/bin/../jre/bin;C:/Program Files/Java/jdk1.8.0_91/bin/../jre/lib/amd64;C:\Program Files\Java\jdk1.8.0_91\bin;;C:\Program Files\NVIDIA Corporation\NVIDIA NvDLISR;C:\Program Files\MySQL\MySQL Server 5.5\bin;C:\Program Files\Java\jdk1.8.0_91\bin;;D:\�Ѻ���Ƶ\�Ѻ�Ӱ��\5.2.7.2;D:\eclipse2\eclipse;;., surefire.test.class.path=D:\class\1703a_ssm\lzy_shop\target\test-classes;D:\class\1703a_ssm\lzy_shop\target\classes;D:\eclipse2\repository\org\springframework\spring-core\4.3.13.RELEASE\spring-core-4.3.13.RELEASE.jar;D:\eclipse2\repository\commons-logging\commons-logging\1.2\commons-logging-1.2.jar;D:\eclipse2\repository\org\springframework\spring-context\4.3.13.RELEASE\spring-context-4.3.13.RELEASE.jar;D:\eclipse2\repository\org\springframework\spring-aop\4.3.13.RELEASE\spring-aop-4.3.13.RELEASE.jar;D:\eclipse2\repository\org\springframework\spring-expression\4.3.13.RELEASE\spring-expression-4.3.13.RELEASE.jar;D:\eclipse2\repository\org\springframework\spring-beans\4.3.13.RELEASE\spring-beans-4.3.13.RELEASE.jar;D:\eclipse2\repository\org\springframework\spring-web\4.3.13.RELEASE\spring-web-4.3.13.RELEASE.jar;D:\eclipse2\repository\org\springframework\spring-webmvc\4.3.13.RELEASE\spring-webmvc-4.3.13.RELEASE.jar;D:\eclipse2\repository\org\springframework\spring-jdbc\4.3.13.RELEASE\spring-jdbc-4.3.13.RELEASE.jar;D:\eclipse2\repository\org\springframework\spring-tx\4.3.13.RELEASE\spring-tx-4.3.13.RELEASE.jar;D:\eclipse2\repository\org\springframework\spring-context-support\4.3.13.RELEASE\spring-context-support-4.3.13.RELEASE.jar;D:\eclipse2\repository\org\mybatis\mybatis\3.4.2\mybatis-3.4.2.jar;D:\eclipse2\repository\org\mybatis\mybatis-spring\1.3.0\mybatis-spring-1.3.0.jar;D:\eclipse2\repository\com\alibaba\druid\1.0.9\druid-1.0.9.jar;C:\Program Files\Java\jdk1.8.0_91\jre\..\lib\jconsole.jar;C:\Program Files\Java\jdk1.8.0_91\jre\..\lib\tools.jar;D:\eclipse2\repository\mysql\mysql-connector-java\5.1.6\mysql-connector-java-5.1.6.jar;D:\eclipse2\repository\log4j\log4j\1.2.17\log4j-1.2.17.jar;D:\eclipse2\repository\junit\junit\4.12\junit-4.12.jar;D:\eclipse2\repository\org\hamcrest\hamcrest-core\1.3\hamcrest-core-1.3.jar;D:\eclipse2\repository\commons-fileupload\commons-fileupload\1.3.1\commons-fileupload-1.3.1.jar;D:\eclipse2\repository\commons-io\commons-io\1.3.1\commons-io-1.3.1.jar;D:\eclipse2\repository\org\apache\poi\poi\3.9\poi-3.9.jar;D:\eclipse2\repository\commons-codec\commons-codec\1.5\commons-codec-1.5.jar;D:\eclipse2\repository\jstl\jstl\1.2\jstl-1.2.jar;D:\eclipse2\repository\javax\servlet\jsp\jsp-api\2.2\jsp-api-2.2.jar;D:\eclipse2\repository\javax\servlet\servlet-api\2.5\servlet-api-2.5.jar;D:\eclipse2\repository\com\fasterxml\jackson\core\jackson-databind\2.8.1\jackson-databind-2.8.1.jar;D:\eclipse2\repository\com\fasterxml\jackson\core\jackson-annotations\2.8.0\jackson-annotations-2.8.0.jar;D:\eclipse2\repository\com\fasterxml\jackson\core\jackson-core\2.8.1\jackson-core-2.8.1.jar;D:\eclipse2\repository\org\apache\commons\commons-lang3\3.3.2\commons-lang3-3.3.2.jar;D:\eclipse2\repository\org\aspectj\aspectjweaver\1.8.0\aspectjweaver-1.8.0.jar;D:\eclipse2\repository\org\aspectj\aspectjrt\1.8.0\aspectjrt-1.8.0.jar;D:\eclipse2\repository\com\github\pagehelper\pagehelper\5.1.2\pagehelper-5.1.2.jar;D:\eclipse2\repository\com\github\jsqlparser\jsqlparser\1.0\jsqlparser-1.0.jar;D:\eclipse2\repository\org\springframework\spring-test\4.3.13.RELEASE\spring-test-4.3.13.RELEASE.jar;D:\eclipse2\repository\com\googlecode\json-simple\json-simple\1.1.1\json-simple-1.1.1.jar;, java.specification.name=Java Platform API Specification, java.class.version=52.0, sun.management.compiler=HotSpot 64-Bit Tiered Compilers, os.version=10.0, user.home=C:\Users\Administrator, user.timezone=, java.awt.printerjob=sun.awt.windows.WPrinterJob, file.encoding=GBK, java.specification.version=1.8, java.class.path=D:\class\1703a_ssm\lzy_shop\target\test-classes;D:\class\1703a_ssm\lzy_shop\target\classes;D:\eclipse2\repository\org\springframework\spring-core\4.3.13.RELEASE\spring-core-4.3.13.RELEASE.jar;D:\eclipse2\repository\commons-logging\commons-logging\1.2\commons-logging-1.2.jar;D:\eclipse2\repository\org\springframework\spring-context\4.3.13.RELEASE\spring-context-4.3.13.RELEASE.jar;D:\eclipse2\repository\org\springframework\spring-aop\4.3.13.RELEASE\spring-aop-4.3.13.RELEASE.jar;D:\eclipse2\repository\org\springframework\spring-expression\4.3.13.RELEASE\spring-expression-4.3.13.RELEASE.jar;D:\eclipse2\repository\org\springframework\spring-beans\4.3.13.RELEASE\spring-beans-4.3.13.RELEASE.jar;D:\eclipse2\repository\org\springframework\spring-web\4.3.13.RELEASE\spring-web-4.3.13.RELEASE.jar;D:\eclipse2\repository\org\springframework\spring-webmvc\4.3.13.RELEASE\spring-webmvc-4.3.13.RELEASE.jar;D:\eclipse2\repository\org\springframework\spring-jdbc\4.3.13.RELEASE\spring-jdbc-4.3.13.RELEASE.jar;D:\eclipse2\repository\org\springframework\spring-tx\4.3.13.RELEASE\spring-tx-4.3.13.RELEASE.jar;D:\eclipse2\repository\org\springframework\spring-context-support\4.3.13.RELEASE\spring-context-support-4.3.13.RELEASE.jar;D:\eclipse2\repository\org\mybatis\mybatis\3.4.2\mybatis-3.4.2.jar;D:\eclipse2\repository\org\mybatis\mybatis-spring\1.3.0\mybatis-spring-1.3.0.jar;D:\eclipse2\repository\com\alibaba\druid\1.0.9\druid-1.0.9.jar;C:\Program Files\Java\jdk1.8.0_91\jre\..\lib\jconsole.jar;C:\Program Files\Java\jdk1.8.0_91\jre\..\lib\tools.jar;D:\eclipse2\repository\mysql\mysql-connector-java\5.1.6\mysql-connector-java-5.1.6.jar;D:\eclipse2\repository\log4j\log4j\1.2.17\log4j-1.2.17.jar;D:\eclipse2\repository\junit\junit\4.12\junit-4.12.jar;D:\eclipse2\repository\org\hamcrest\hamcrest-core\1.3\hamcrest-core-1.3.jar;D:\eclipse2\repository\commons-fileupload\commons-fileupload\1.3.1\commons-fileupload-1.3.1.jar;D:\eclipse2\repository\commons-io\commons-io\1.3.1\commons-io-1.3.1.jar;D:\eclipse2\repository\org\apache\poi\poi\3.9\poi-3.9.jar;D:\eclipse2\repository\commons-codec\commons-codec\1.5\commons-codec-1.5.jar;D:\eclipse2\repository\jstl\jstl\1.2\jstl-1.2.jar;D:\eclipse2\repository\javax\servlet\jsp\jsp-api\2.2\jsp-api-2.2.jar;D:\eclipse2\repository\javax\servlet\servlet-api\2.5\servlet-api-2.5.jar;D:\eclipse2\repository\com\fasterxml\jackson\core\jackson-databind\2.8.1\jackson-databind-2.8.1.jar;D:\eclipse2\repository\com\fasterxml\jackson\core\jackson-annotations\2.8.0\jackson-annotations-2.8.0.jar;D:\eclipse2\repository\com\fasterxml\jackson\core\jackson-core\2.8.1\jackson-core-2.8.1.jar;D:\eclipse2\repository\org\apache\commons\commons-lang3\3.3.2\commons-lang3-3.3.2.jar;D:\eclipse2\repository\org\aspectj\aspectjweaver\1.8.0\aspectjweaver-1.8.0.jar;D:\eclipse2\repository\org\aspectj\aspectjrt\1.8.0\aspectjrt-1.8.0.jar;D:\eclipse2\repository\com\github\pagehelper\pagehelper\5.1.2\pagehelper-5.1.2.jar;D:\eclipse2\repository\com\github\jsqlparser\jsqlparser\1.0\jsqlparser-1.0.jar;D:\eclipse2\repository\org\springframework\spring-test\4.3.13.RELEASE\spring-test-4.3.13.RELEASE.jar;D:\eclipse2\repository\com\googlecode\json-simple\json-simple\1.1.1\json-simple-1.1.1.jar;, user.name=Administrator, java.vm.specification.version=1.8, sun.java.command=D:\class\1703a_ssm\lzy_shop\target\surefire\surefirebooter1685568238458422195.jar D:\class\1703a_ssm\lzy_shop\target\surefire\surefire1346649292461137069tmp D:\class\1703a_ssm\lzy_shop\target\surefire\surefire_06918526423129736859tmp, java.home=C:\Program Files\Java\jdk1.8.0_91\jre, sun.arch.data.model=64, user.language=zh, java.specification.vendor=Oracle Corporation, awt.toolkit=sun.awt.windows.WToolkit, java.vm.info=mixed mode, java.version=1.8.0_91, java.ext.dirs=C:\Program Files\Java\jdk1.8.0_91\jre\lib\ext;C:\WINDOWS\Sun\Java\lib\ext, sun.boot.class.path=C:\Program Files\Java\jdk1.8.0_91\jre\lib\resources.jar;C:\Program Files\Java\jdk1.8.0_91\jre\lib\rt.jar;C:\Program Files\Java\jdk1.8.0_91\jre\lib\sunrsasign.jar;C:\Program Files\Java\jdk1.8.0_91\jre\lib\jsse.jar;C:\Program Files\Java\jdk1.8.0_91\jre\lib\jce.jar;C:\Program Files\Java\jdk1.8.0_91\jre\lib\charsets.jar;C:\Program Files\Java\jdk1.8.0_91\jre\lib\jfr.jar;C:\Program Files\Java\jdk1.8.0_91\jre\classes, java.vendor=Oracle Corporation, localRepository=D:\eclipse2\repository, file.separator=\, java.vendor.url.bug=http://bugreport.sun.com/bugreport/, sun.io.unicode.encoding=UnicodeLittle, sun.cpu.endian=little, sun.desktop=windows, sun.cpu.isalist=amd64}}, SystemEnvironmentPropertySource@1032986144 {name=&apos;systemEnvironment&apos;, properties={PATH=C:/Program Files/Java/jdk1.8.0_91/bin/../jre/bin/server;C:/Program Files/Java/jdk1.8.0_91/bin/../jre/bin;C:/Program Files/Java/jdk1.8.0_91/bin/../jre/lib/amd64;C:\Program Files\Java\jdk1.8.0_91\bin;;C:\Program Files\NVIDIA Corporation\NVIDIA NvDLISR;C:\Program Files\MySQL\MySQL Server 5.5\bin;C:\Program Files\Java\jdk1.8.0_91\bin;;D:\�Ѻ���Ƶ\�Ѻ�Ӱ��\5.2.7.2;D:\eclipse2\eclipse;, USERDOMAIN_ROAMINGPROFILE=������, PROCESSOR_LEVEL=6, SYSTEMDRIVE=C:, SESSIONNAME=Console, ALLUSERSPROFILE=C:\ProgramData, PROCESSOR_ARCHITECTURE=AMD64, DRIVERDATA=C:\Windows\System32\Drivers\DriverData, MAVEN_HOME=D:\eclipse2\apache-maven-3.6.0-bin, PROGRAMFILES=C:\Program Files, PSMODULEPATH=C:\Program Files\WindowsPowerShell\Modules;C:\WINDOWS\system32\WindowsPowerShell\v1.0\Modules, PROGRAMDATA=C:\ProgramData, USERNAME=Administrator, FPS_BROWSER_USER_PROFILE_STRING=Default, ONEDRIVE=C:\Users\Administrator\OneDrive, PATHEXT=.COM;.EXE;.BAT;.CMD;.VBS;.VBE;.JS;.JSE;.WSF;.WSH;.MSC, WINDIR=C:\WINDOWS, LIBRARY_PATH=C:\Users\Public\Downloads\MinGW64\lib, HOMEPATH=\Users\Administrator, PROCESSOR_IDENTIFIER=Intel64 Family 6 Model 158 Stepping 9, GenuineIntel, C_INCLUDEDE_PATH=C:\Users\Public\Downloads\MinGW64\include, PUBLIC=C:\Users\Public, LNKENV=C:\Program Files (x86)\Internet Explorer\IEXPLORE.EXE, =::=::\, LOCALAPPDATA=C:\Users\Administrator\AppData\Local, COMMONPROGRAMFILES(X86)=C:\Program Files (x86)\Common Files, USERDOMAIN=������, FPS_BROWSER_APP_PROFILE_STRING=Internet Explorer, LOGONSERVER=\\������, PROMPT=$P$G, PROGRAMFILES(X86)=C:\Program Files (x86), ASL.LOG=Destination=file, =C:=C:\, APPDATA=C:\Users\Administrator\AppData\Roaming, PROGRAMW6432=C:\Program Files, SYSTEMROOT=C:\WINDOWS, OS=Windows_NT, SHPLAYER=D:\�Ѻ���Ƶ\�Ѻ�Ӱ��\5.2.7.2, COMMONPROGRAMW6432=C:\Program Files\Common Files, COMPUTERNAME=������, COMMONPROGRAMFILES=C:\Program Files\Common Files, COMSPEC=C:\WINDOWS\system32\cmd.exe, PROCESSOR_REVISION=9e09, =D:=D:\class\1703a_ssm\lzy_shop, TEMP=C:\Users\ADMINI~1\AppData\Local\Temp, HOMEDRIVE=C:, USERPROFILE=C:\Users\Administrator, TMP=C:\Users\ADMINI~1\AppData\Local\Temp, NUMBER_OF_PROCESSORS=8}}]
Loading XML bean definitions from class path resource [spring-beans.xml]
Using JAXP provider [com.sun.org.apache.xerces.internal.jaxp.DocumentBuilderFactoryImpl]
Loading schema mappings from [META-INF/spring.schemas]
Loaded schema mappings: {http://www.springframework.org/schema/tx/spring-tx-4.3.xsd=org/springframework/transaction/config/spring-tx-4.3.xsd, http://www.springframework.org/schema/tx/spring-tx-2.5.xsd=org/springframework/transaction/config/spring-tx-2.5.xsd, http://www.springframework.org/schema/cache/spring-cache-4.2.xsd=org/springframework/cache/config/spring-cache-4.2.xsd, http://www.springframework.org/schema/aop/spring-aop-4.1.xsd=org/springframework/aop/config/spring-aop-4.1.xsd, http://www.springframework.org/schema/context/spring-context-3.1.xsd=org/springframework/context/config/spring-context-3.1.xsd, http://www.springframework.org/schema/jdbc/spring-jdbc-4.1.xsd=org/springframework/jdbc/config/spring-jdbc-4.1.xsd, http://www.springframework.org/schema/mvc/spring-mvc-4.1.xsd=org/springframework/web/servlet/config/spring-mvc-4.1.xsd, http://www.springframework.org/schema/util/spring-util-3.0.xsd=org/springframework/beans/factory/xml/spring-util-3.0.xsd, http://mybatis.org/schema/mybatis-spring-1.2.xsd=org/mybatis/spring/config/mybatis-spring-1.2.xsd, http://www.springframework.org/schema/tool/spring-tool.xsd=org/springframework/beans/factory/xml/spring-tool-4.3.xsd, http://www.springframework.org/schema/aop/spring-aop-3.2.xsd=org/springframework/aop/config/spring-aop-3.2.xsd, http://www.springframework.org/schema/lang/spring-lang-4.1.xsd=org/springframework/scripting/config/spring-lang-4.1.xsd, http://www.springframework.org/schema/context/spring-context-4.0.xsd=org/springframework/context/config/spring-context-4.0.xsd, http://www.springframework.org/schema/mvc/spring-mvc-3.2.xsd=org/springframework/web/servlet/config/spring-mvc-3.2.xsd, http://www.springframework.org/schema/beans/spring-beans-4.2.xsd=org/springframework/beans/factory/xml/spring-beans-4.2.xsd, http://www.springframework.org/schema/tool/spring-tool-4.1.xsd=org/springframework/beans/factory/xml/spring-tool-4.1.xsd, http://www.springframework.org/schema/lang/spring-lang-3.2.xsd=org/springframework/scripting/config/spring-lang-3.2.xsd, http://www.springframework.org/schema/cache/spring-cache-3.2.xsd=org/springframework/cache/config/spring-cache-3.2.xsd, http://www.springframework.org/schema/jee/spring-jee-4.1.xsd=org/springframework/ejb/config/spring-jee-4.1.xsd, http://www.springframework.org/schema/jdbc/spring-jdbc-3.1.xsd=org/springframework/jdbc/config/spring-jdbc-3.1.xsd, http://www.springframework.org/schema/util/spring-util-2.0.xsd=org/springframework/beans/factory/xml/spring-util-2.0.xsd, http://www.springframework.org/schema/task/spring-task-4.2.xsd=org/springframework/scheduling/config/spring-task-4.2.xsd, http://www.springframework.org/schema/tool/spring-tool-3.2.xsd=org/springframework/beans/factory/xml/spring-tool-3.2.xsd, http://www.springframework.org/schema/context/spring-context.xsd=org/springframework/context/config/spring-context-4.3.xsd, http://www.springframework.org/schema/tx/spring-tx-4.2.xsd=org/springframework/transaction/config/spring-tx-4.2.xsd, http://www.springframework.org/schema/cache/spring-cache-4.1.xsd=org/springframework/cache/config/spring-cache-4.1.xsd, http://www.springframework.org/schema/aop/spring-aop-4.0.xsd=org/springframework/aop/config/spring-aop-4.0.xsd, http://www.springframework.org/schema/jee/spring-jee-3.2.xsd=org/springframework/ejb/config/spring-jee-3.2.xsd, http://www.springframework.org/schema/context/spring-context-3.0.xsd=org/springframework/context/config/spring-context-3.0.xsd, http://www.springframework.org/schema/jdbc/spring-jdbc-4.0.xsd=org/springframework/jdbc/config/spring-jdbc-4.0.xsd, http://www.springframework.org/schema/mvc/spring-mvc-4.0.xsd=org/springframework/web/servlet/config/spring-mvc-4.0.xsd, http://www.springframework.org/schema/util/spring-util-4.3.xsd=org/springframework/beans/factory/xml/spring-util-4.3.xsd, http://www.springframework.org/schema/util/spring-util-2.5.xsd=org/springframework/beans/factory/xml/spring-util-2.5.xsd, http://www.springframework.org/schema/beans/spring-beans-3.2.xsd=org/springframework/beans/factory/xml/spring-beans-3.2.xsd, http://www.springframework.org/schema/aop/spring-aop-3.1.xsd=org/springframework/aop/config/spring-aop-3.1.xsd, http://www.springframework.org/schema/lang/spring-lang-4.0.xsd=org/springframework/scripting/config/spring-lang-4.0.xsd, http://www.springframework.org/schema/mvc/spring-mvc.xsd=org/springframework/web/servlet/config/spring-mvc-4.3.xsd, http://www.springframework.org/schema/mvc/spring-mvc-3.1.xsd=org/springframework/web/servlet/config/spring-mvc-3.1.xsd, http://www.springframework.org/schema/beans/spring-beans-4.1.xsd=org/springframework/beans/factory/xml/spring-beans-4.1.xsd, http://www.springframework.org/schema/tool/spring-tool-4.0.xsd=org/springframework/beans/factory/xml/spring-tool-4.0.xsd, http://www.springframework.org/schema/tx/spring-tx-3.2.xsd=org/springframework/transaction/config/spring-tx-3.2.xsd, http://www.springframework.org/schema/lang/spring-lang-3.1.xsd=org/springframework/scripting/config/spring-lang-3.1.xsd, http://www.springframework.org/schema/cache/spring-cache-3.1.xsd=org/springframework/cache/config/spring-cache-3.1.xsd, http://www.springframework.org/schema/jee/spring-jee-4.0.xsd=org/springframework/ejb/config/spring-jee-4.0.xsd, http://www.springframework.org/schema/jdbc/spring-jdbc-3.0.xsd=org/springframework/jdbc/config/spring-jdbc-3.0.xsd, http://www.springframework.org/schema/task/spring-task-4.1.xsd=org/springframework/scheduling/config/spring-task-4.1.xsd, http://www.springframework.org/schema/jdbc/spring-jdbc.xsd=org/springframework/jdbc/config/spring-jdbc-4.3.xsd, http://www.springframework.org/schema/tool/spring-tool-3.1.xsd=org/springframework/beans/factory/xml/spring-tool-3.1.xsd, http://www.springframework.org/schema/tx/spring-tx-4.1.xsd=org/springframework/transaction/config/spring-tx-4.1.xsd, http://www.springframework.org/schema/cache/spring-cache-4.0.xsd=org/springframework/cache/config/spring-cache-4.0.xsd, http://www.springframework.org/schema/jee/spring-jee-3.1.xsd=org/springframework/ejb/config/spring-jee-3.1.xsd, http://www.springframework.org/schema/util/spring-util-4.2.xsd=org/springframework/beans/factory/xml/spring-util-4.2.xsd, http://www.springframework.org/schema/task/spring-task-3.2.xsd=org/springframework/scheduling/config/spring-task-3.2.xsd, http://www.springframework.org/schema/beans/spring-beans-3.1.xsd=org/springframework/beans/factory/xml/spring-beans-3.1.xsd, http://www.springframework.org/schema/util/spring-util.xsd=org/springframework/beans/factory/xml/spring-util-4.3.xsd, http://www.springframework.org/schema/aop/spring-aop-3.0.xsd=org/springframework/aop/config/spring-aop-3.0.xsd, http://www.springframework.org/schema/mvc/spring-mvc-3.0.xsd=org/springframework/web/servlet/config/spring-mvc-3.0.xsd, http://www.springframework.org/schema/beans/spring-beans-4.0.xsd=org/springframework/beans/factory/xml/spring-beans-4.0.xsd, http://www.springframework.org/schema/beans/spring-beans.xsd=org/springframework/beans/factory/xml/spring-beans-4.3.xsd, http://mybatis.org/schema/mybatis-spring.xsd=org/mybatis/spring/config/mybatis-spring-1.2.xsd, http://www.springframework.org/schema/tx/spring-tx-3.1.xsd=org/springframework/transaction/config/spring-tx-3.1.xsd, http://www.springframework.org/schema/lang/spring-lang-3.0.xsd=org/springframework/scripting/config/spring-lang-3.0.xsd, http://www.springframework.org/schema/context/spring-context-2.5.xsd=org/springframework/context/config/spring-context-2.5.xsd, http://www.springframework.org/schema/context/spring-context-4.3.xsd=org/springframework/context/config/spring-context-4.3.xsd, http://www.springframework.org/schema/task/spring-task-4.0.xsd=org/springframework/scheduling/config/spring-task-4.0.xsd, http://www.springframework.org/schema/tool/spring-tool-3.0.xsd=org/springframework/beans/factory/xml/spring-tool-3.0.xsd, http://www.springframework.org/schema/tx/spring-tx-4.0.xsd=org/springframework/transaction/config/spring-tx-4.0.xsd, http://www.springframework.org/schema/aop/spring-aop-2.0.xsd=org/springframework/aop/config/spring-aop-2.0.xsd, http://www.springframework.org/schema/jee/spring-jee-3.0.xsd=org/springframework/ejb/config/spring-jee-3.0.xsd, http://www.springframework.org/schema/util/spring-util-4.1.xsd=org/springframework/beans/factory/xml/spring-util-4.1.xsd, http://www.springframework.org/schema/task/spring-task-3.1.xsd=org/springframework/scheduling/config/spring-task-3.1.xsd, http://www.springframework.org/schema/beans/spring-beans-3.0.xsd=org/springframework/beans/factory/xml/spring-beans-3.0.xsd, http://www.springframework.org/schema/jee/spring-jee.xsd=org/springframework/ejb/config/spring-jee-4.3.xsd, http://www.springframework.org/schema/aop/spring-aop-2.5.xsd=org/springframework/aop/config/spring-aop-2.5.xsd, http://www.springframework.org/schema/aop/spring-aop-4.3.xsd=org/springframework/aop/config/spring-aop-4.3.xsd, http://www.springframework.org/schema/lang/spring-lang-2.0.xsd=org/springframework/scripting/config/spring-lang-2.0.xsd, http://www.springframework.org/schema/jdbc/spring-jdbc-4.3.xsd=org/springframework/jdbc/config/spring-jdbc-4.3.xsd, http://www.springframework.org/schema/mvc/spring-mvc-4.3.xsd=org/springframework/web/servlet/config/spring-mvc-4.3.xsd, http://www.springframework.org/schema/util/spring-util-3.2.xsd=org/springframework/beans/factory/xml/spring-util-3.2.xsd, http://www.springframework.org/schema/task/spring-task.xsd=org/springframework/scheduling/config/spring-task-4.3.xsd, http://www.springframework.org/schema/tool/spring-tool-2.0.xsd=org/springframework/beans/factory/xml/spring-tool-2.0.xsd, http://www.springframework.org/schema/tx/spring-tx-3.0.xsd=org/springframework/transaction/config/spring-tx-3.0.xsd, http://www.springframework.org/schema/lang/spring-lang-2.5.xsd=org/springframework/scripting/config/spring-lang-2.5.xsd, http://www.springframework.org/schema/lang/spring-lang-4.3.xsd=org/springframework/scripting/config/spring-lang-4.3.xsd, http://www.springframework.org/schema/context/spring-context-4.2.xsd=org/springframework/context/config/spring-context-4.2.xsd, http://www.springframework.org/schema/jee/spring-jee-2.0.xsd=org/springframework/ejb/config/spring-jee-2.0.xsd, http://www.springframework.org/schema/tool/spring-tool-4.3.xsd=org/springframework/beans/factory/xml/spring-tool-4.3.xsd, http://www.springframework.org/schema/tool/spring-tool-2.5.xsd=org/springframework/beans/factory/xml/spring-tool-2.5.xsd, http://www.springframework.org/schema/jee/spring-jee-4.3.xsd=org/springframework/ejb/config/spring-jee-4.3.xsd, http://www.springframework.org/schema/jee/spring-jee-2.5.xsd=org/springframework/ejb/config/spring-jee-2.5.xsd, http://www.springframework.org/schema/util/spring-util-4.0.xsd=org/springframework/beans/factory/xml/spring-util-4.0.xsd, http://www.springframework.org/schema/task/spring-task-3.0.xsd=org/springframework/scheduling/config/spring-task-3.0.xsd, http://www.springframework.org/schema/cache/spring-cache-4.3.xsd=org/springframework/cache/config/spring-cache-4.3.xsd, http://www.springframework.org/schema/aop/spring-aop-4.2.xsd=org/springframework/aop/config/spring-aop-4.2.xsd, http://www.springframework.org/schema/lang/spring-lang.xsd=org/springframework/scripting/config/spring-lang-4.3.xsd, http://www.springframework.org/schema/context/spring-context-3.2.xsd=org/springframework/context/config/spring-context-3.2.xsd, http://www.springframework.org/schema/jdbc/spring-jdbc-4.2.xsd=org/springframework/jdbc/config/spring-jdbc-4.2.xsd, http://www.springframework.org/schema/mvc/spring-mvc-4.2.xsd=org/springframework/web/servlet/config/spring-mvc-4.2.xsd, http://www.springframework.org/schema/util/spring-util-3.1.xsd=org/springframework/beans/factory/xml/spring-util-3.1.xsd, http://www.springframework.org/schema/beans/spring-beans-2.0.xsd=org/springframework/beans/factory/xml/spring-beans-2.0.xsd, http://www.springframework.org/schema/cache/spring-cache.xsd=org/springframework/cache/config/spring-cache-4.3.xsd, http://www.springframework.org/schema/tx/spring-tx.xsd=org/springframework/transaction/config/spring-tx-4.3.xsd, http://www.springframework.org/schema/lang/spring-lang-4.2.xsd=org/springframework/scripting/config/spring-lang-4.2.xsd, http://www.springframework.org/schema/context/spring-context-4.1.xsd=org/springframework/context/config/spring-context-4.1.xsd, http://www.springframework.org/schema/beans/spring-beans-2.5.xsd=org/springframework/beans/factory/xml/spring-beans-2.5.xsd, http://www.springframework.org/schema/beans/spring-beans-4.3.xsd=org/springframework/beans/factory/xml/spring-beans-4.3.xsd, http://www.springframework.org/schema/tool/spring-tool-4.2.xsd=org/springframework/beans/factory/xml/spring-tool-4.2.xsd, http://www.springframework.org/schema/tx/spring-tx-2.0.xsd=org/springframework/transaction/config/spring-tx-2.0.xsd, http://www.springframework.org/schema/jee/spring-jee-4.2.xsd=org/springframework/ejb/config/spring-jee-4.2.xsd, http://www.springframework.org/schema/jdbc/spring-jdbc-3.2.xsd=org/springframework/jdbc/config/spring-jdbc-3.2.xsd, http://www.springframework.org/schema/task/spring-task-4.3.xsd=org/springframework/scheduling/config/spring-task-4.3.xsd, http://www.springframework.org/schema/aop/spring-aop.xsd=org/springframework/aop/config/spring-aop-4.3.xsd}
Found XML schema [http://www.springframework.org/schema/beans/spring-beans.xsd] in classpath: org/springframework/beans/factory/xml/spring-beans-4.3.xsd
Found XML schema [http://www.springframework.org/schema/context/spring-context-4.3.xsd] in classpath: org/springframework/context/config/spring-context-4.3.xsd
Found XML schema [http://www.springframework.org/schema/tool/spring-tool-4.3.xsd] in classpath: org/springframework/beans/factory/xml/spring-tool-4.3.xsd
Found XML schema [http://www.springframework.org/schema/tx/spring-tx-4.3.xsd] in classpath: org/springframework/transaction/config/spring-tx-4.3.xsd
Found XML schema [http://www.springframework.org/schema/aop/spring-aop-4.3.xsd] in classpath: org/springframework/aop/config/spring-aop-4.3.xsd
Loading bean definitions
Loaded NamespaceHandler mappings: {http://www.springframework.org/schema/p=org.springframework.beans.factory.xml.SimplePropertyNamespaceHandler, http://www.springframework.org/schema/mvc=org.springframework.web.servlet.config.MvcNamespaceHandler, http://www.springframework.org/schema/util=org.springframework.beans.factory.xml.UtilNamespaceHandler, http://www.springframework.org/schema/jee=org.springframework.ejb.config.JeeNamespaceHandler, http://www.springframework.org/schema/aop=org.springframework.aop.config.AopNamespaceHandler, http://www.springframework.org/schema/jdbc=org.springframework.jdbc.config.JdbcNamespaceHandler, http://www.springframework.org/schema/cache=org.springframework.cache.config.CacheNamespaceHandler, http://mybatis.org/schema/mybatis-spring=org.mybatis.spring.config.NamespaceHandler, http://www.springframework.org/schema/c=org.springframework.beans.factory.xml.SimpleConstructorNamespaceHandler, http://www.springframework.org/schema/tx=org.springframework.transaction.config.TxNamespaceHandler, http://www.springframework.org/schema/task=org.springframework.scheduling.config.TaskNamespaceHandler, http://www.springframework.org/schema/lang=org.springframework.scripting.config.LangNamespaceHandler, http://www.springframework.org/schema/context=org.springframework.context.config.ContextNamespaceHandler}
Resolved classpath location [com/lzy/shop/] to resources [URL [file:/D:/class/1703a_ssm/lzy_shop/target/test-classes/com/lzy/shop/], URL [file:/D:/class/1703a_ssm/lzy_shop/target/classes/com/lzy/shop/]]
Looking for matching resources in directory tree [D:\class\1703a_ssm\lzy_shop\target\test-classes\com\lzy\shop]
Searching directory [D:\class\1703a_ssm\lzy_shop\target\test-classes\com\lzy\shop] for files matching pattern [D:/class/1703a_ssm/lzy_shop/target/test-classes/com/lzy/shop/**/*.class]
Searching directory [D:\class\1703a_ssm\lzy_shop\target\test-classes\com\lzy\shop\service] for files matching pattern [D:/class/1703a_ssm/lzy_shop/target/test-classes/com/lzy/shop/**/*.class]
Looking for matching resources in directory tree [D:\class\1703a_ssm\lzy_shop\target\classes\com\lzy\shop]
Searching directory [D:\class\1703a_ssm\lzy_shop\target\classes\com\lzy\shop] for files matching pattern [D:/class/1703a_ssm/lzy_shop/target/classes/com/lzy/shop/**/*.class]
Searching directory [D:\class\1703a_ssm\lzy_shop\target\classes\com\lzy\shop\controller] for files matching pattern [D:/class/1703a_ssm/lzy_shop/target/classes/com/lzy/shop/**/*.class]
Searching directory [D:\class\1703a_ssm\lzy_shop\target\classes\com\lzy\shop\dao] for files matching pattern [D:/class/1703a_ssm/lzy_shop/target/classes/com/lzy/shop/**/*.class]
Searching directory [D:\class\1703a_ssm\lzy_shop\target\classes\com\lzy\shop\domain] for files matching pattern [D:/class/1703a_ssm/lzy_shop/target/classes/com/lzy/shop/**/*.class]
Searching directory [D:\class\1703a_ssm\lzy_shop\target\classes\com\lzy\shop\service] for files matching pattern [D:/class/1703a_ssm/lzy_shop/target/classes/com/lzy/shop/**/*.class]
Searching directory [D:\class\1703a_ssm\lzy_shop\target\classes\com\lzy\shop\utils] for files matching pattern [D:/class/1703a_ssm/lzy_shop/target/classes/com/lzy/shop/**/*.class]
Resolved location pattern [classpath*:com/lzy/shop/**/*.class] to resources [file [D:\class\1703a_ssm\lzy_shop\target\test-classes\com\lzy\shop\service\ShopServiceImplTest.class], file [D:\class\1703a_ssm\lzy_shop\target\classes\com\lzy\shop\controller\ShopController.class], file [D:\class\1703a_ssm\lzy_shop\target\classes\com\lzy\shop\dao\ShopMapper.class], file [D:\class\1703a_ssm\lzy_shop\target\classes\com\lzy\shop\domain\Shop.class], file [D:\class\1703a_ssm\lzy_shop\target\classes\com\lzy\shop\domain\Type.class], file [D:\class\1703a_ssm\lzy_shop\target\classes\com\lzy\shop\service\ShopService.class], file [D:\class\1703a_ssm\lzy_shop\target\classes\com\lzy\shop\service\ShopServiceImpl.class], file [D:\class\1703a_ssm\lzy_shop\target\classes\com\lzy\shop\utils\PageUtil.class]]
Identified candidate component class: file [D:\class\1703a_ssm\lzy_shop\target\classes\com\lzy\shop\service\ShopServiceImpl.class]
Neither XML &apos;id&apos; nor &apos;name&apos; specified - using generated bean name [org.mybatis.spring.mapper.MapperScannerConfigurer#0]
Loaded 16 bean definitions from location pattern [classpath:spring-beans.xml]
Refreshing org.springframework.context.support.GenericApplicationContext@6e0e048a: startup date [Wed Jul 10 18:55:37 CST 2019]; root of context hierarchy
Bean factory for org.springframework.context.support.GenericApplicationContext@6e0e048a: org.springframework.beans.factory.support.DefaultListableBeanFactory@3b2da18f: defining beans [shopServiceImpl,org.springframework.context.annotation.internalConfigurationAnnotationProcessor,org.springframework.context.annotation.internalAutowiredAnnotationProcessor,org.springframework.context.annotation.internalRequiredAnnotationProcessor,org.springframework.context.annotation.internalCommonAnnotationProcessor,org.springframework.context.event.internalEventListenerProcessor,org.springframework.context.event.internalEventListenerFactory,org.springframework.context.support.PropertySourcesPlaceholderConfigurer#0,dataSource,sqlSessionFactory,transactionManager,txAdvice,org.springframework.aop.config.internalAutoProxyCreator,pointcut,org.springframework.aop.support.DefaultBeanFactoryPointcutAdvisor#0,org.mybatis.spring.mapper.MapperScannerConfigurer#0]; root of factory hierarchy
Creating shared instance of singleton bean &apos;org.springframework.context.annotation.internalConfigurationAnnotationProcessor&apos;
Creating instance of bean &apos;org.springframework.context.annotation.internalConfigurationAnnotationProcessor&apos;
Eagerly caching bean &apos;org.springframework.context.annotation.internalConfigurationAnnotationProcessor&apos; to allow for resolving potential circular references
Finished creating instance of bean &apos;org.springframework.context.annotation.internalConfigurationAnnotationProcessor&apos;
Creating shared instance of singleton bean &apos;org.mybatis.spring.mapper.MapperScannerConfigurer#0&apos;
Creating instance of bean &apos;org.mybatis.spring.mapper.MapperScannerConfigurer#0&apos;
Eagerly caching bean &apos;org.mybatis.spring.mapper.MapperScannerConfigurer#0&apos; to allow for resolving potential circular references
Invoking afterPropertiesSet() on bean with name &apos;org.mybatis.spring.mapper.MapperScannerConfigurer#0&apos;
Finished creating instance of bean &apos;org.mybatis.spring.mapper.MapperScannerConfigurer#0&apos;
Adding PropertySource &apos;systemProperties&apos; with lowest search precedence
Adding PropertySource &apos;systemEnvironment&apos; with lowest search precedence
Initialized StandardEnvironment with PropertySources [MapPropertySource@2044903525 {name=&apos;systemProperties&apos;, properties={java.runtime.name=Java(TM) SE Runtime Environment, sun.boot.library.path=C:\Program Files\Java\jdk1.8.0_91\jre\bin, java.vm.version=25.91-b14, java.vm.vendor=Oracle Corporation, java.vendor.url=http://java.oracle.com/, path.separator=;, java.vm.name=Java HotSpot(TM) 64-Bit Server VM, file.encoding.pkg=sun.io, user.country=CN, user.script=, sun.java.launcher=SUN_STANDARD, sun.os.patch.level=, java.vm.specification.name=Java Virtual Machine Specification, user.dir=D:\class\1703a_ssm\lzy_shop, java.runtime.version=1.8.0_91-b14, basedir=D:\class\1703a_ssm\lzy_shop, java.awt.graphicsenv=sun.awt.Win32GraphicsEnvironment, java.endorsed.dirs=C:\Program Files\Java\jdk1.8.0_91\jre\lib\endorsed, os.arch=amd64, surefire.real.class.path=D:\class\1703a_ssm\lzy_shop\target\surefire\surefirebooter1685568238458422195.jar, java.io.tmpdir=C:\Users\ADMINI~1\AppData\Local\Temp\, line.separator=
, java.vm.specification.vendor=Oracle Corporation, user.variant=, os.name=Windows 10, sun.jnu.encoding=GBK, java.library.path=C:\Program Files\Java\jdk1.8.0_91\jre\bin;C:\WINDOWS\Sun\Java\bin;C:\WINDOWS\system32;C:\WINDOWS;C:/Program Files/Java/jdk1.8.0_91/bin/../jre/bin/server;C:/Program Files/Java/jdk1.8.0_91/bin/../jre/bin;C:/Program Files/Java/jdk1.8.0_91/bin/../jre/lib/amd64;C:\Program Files\Java\jdk1.8.0_91\bin;;C:\Program Files\NVIDIA Corporation\NVIDIA NvDLISR;C:\Program Files\MySQL\MySQL Server 5.5\bin;C:\Program Files\Java\jdk1.8.0_91\bin;;D:\�Ѻ���Ƶ\�Ѻ�Ӱ��\5.2.7.2;D:\eclipse2\eclipse;;., surefire.test.class.path=D:\class\1703a_ssm\lzy_shop\target\test-classes;D:\class\1703a_ssm\lzy_shop\target\classes;D:\eclipse2\repository\org\springframework\spring-core\4.3.13.RELEASE\spring-core-4.3.13.RELEASE.jar;D:\eclipse2\repository\commons-logging\commons-logging\1.2\commons-logging-1.2.jar;D:\eclipse2\repository\org\springframework\spring-context\4.3.13.RELEASE\spring-context-4.3.13.RELEASE.jar;D:\eclipse2\repository\org\springframework\spring-aop\4.3.13.RELEASE\spring-aop-4.3.13.RELEASE.jar;D:\eclipse2\repository\org\springframework\spring-expression\4.3.13.RELEASE\spring-expression-4.3.13.RELEASE.jar;D:\eclipse2\repository\org\springframework\spring-beans\4.3.13.RELEASE\spring-beans-4.3.13.RELEASE.jar;D:\eclipse2\repository\org\springframework\spring-web\4.3.13.RELEASE\spring-web-4.3.13.RELEASE.jar;D:\eclipse2\repository\org\springframework\spring-webmvc\4.3.13.RELEASE\spring-webmvc-4.3.13.RELEASE.jar;D:\eclipse2\repository\org\springframework\spring-jdbc\4.3.13.RELEASE\spring-jdbc-4.3.13.RELEASE.jar;D:\eclipse2\repository\org\springframework\spring-tx\4.3.13.RELEASE\spring-tx-4.3.13.RELEASE.jar;D:\eclipse2\repository\org\springframework\spring-context-support\4.3.13.RELEASE\spring-context-support-4.3.13.RELEASE.jar;D:\eclipse2\repository\org\mybatis\mybatis\3.4.2\mybatis-3.4.2.jar;D:\eclipse2\repository\org\mybatis\mybatis-spring\1.3.0\mybatis-spring-1.3.0.jar;D:\eclipse2\repository\com\alibaba\druid\1.0.9\druid-1.0.9.jar;C:\Program Files\Java\jdk1.8.0_91\jre\..\lib\jconsole.jar;C:\Program Files\Java\jdk1.8.0_91\jre\..\lib\tools.jar;D:\eclipse2\repository\mysql\mysql-connector-java\5.1.6\mysql-connector-java-5.1.6.jar;D:\eclipse2\repository\log4j\log4j\1.2.17\log4j-1.2.17.jar;D:\eclipse2\repository\junit\junit\4.12\junit-4.12.jar;D:\eclipse2\repository\org\hamcrest\hamcrest-core\1.3\hamcrest-core-1.3.jar;D:\eclipse2\repository\commons-fileupload\commons-fileupload\1.3.1\commons-fileupload-1.3.1.jar;D:\eclipse2\repository\commons-io\commons-io\1.3.1\commons-io-1.3.1.jar;D:\eclipse2\repository\org\apache\poi\poi\3.9\poi-3.9.jar;D:\eclipse2\repository\commons-codec\commons-codec\1.5\commons-codec-1.5.jar;D:\eclipse2\repository\jstl\jstl\1.2\jstl-1.2.jar;D:\eclipse2\repository\javax\servlet\jsp\jsp-api\2.2\jsp-api-2.2.jar;D:\eclipse2\repository\javax\servlet\servlet-api\2.5\servlet-api-2.5.jar;D:\eclipse2\repository\com\fasterxml\jackson\core\jackson-databind\2.8.1\jackson-databind-2.8.1.jar;D:\eclipse2\repository\com\fasterxml\jackson\core\jackson-annotations\2.8.0\jackson-annotations-2.8.0.jar;D:\eclipse2\repository\com\fasterxml\jackson\core\jackson-core\2.8.1\jackson-core-2.8.1.jar;D:\eclipse2\repository\org\apache\commons\commons-lang3\3.3.2\commons-lang3-3.3.2.jar;D:\eclipse2\repository\org\aspectj\aspectjweaver\1.8.0\aspectjweaver-1.8.0.jar;D:\eclipse2\repository\org\aspectj\aspectjrt\1.8.0\aspectjrt-1.8.0.jar;D:\eclipse2\repository\com\github\pagehelper\pagehelper\5.1.2\pagehelper-5.1.2.jar;D:\eclipse2\repository\com\github\jsqlparser\jsqlparser\1.0\jsqlparser-1.0.jar;D:\eclipse2\repository\org\springframework\spring-test\4.3.13.RELEASE\spring-test-4.3.13.RELEASE.jar;D:\eclipse2\repository\com\googlecode\json-simple\json-simple\1.1.1\json-simple-1.1.1.jar;, java.specification.name=Java Platform API Specification, java.class.version=52.0, sun.management.compiler=HotSpot 64-Bit Tiered Compilers, os.version=10.0, user.home=C:\Users\Administrator, user.timezone=Asia/Shanghai, java.awt.printerjob=sun.awt.windows.WPrinterJob, file.encoding=GBK, java.specification.version=1.8, java.class.path=D:\class\1703a_ssm\lzy_shop\target\test-classes;D:\class\1703a_ssm\lzy_shop\target\classes;D:\eclipse2\repository\org\springframework\spring-core\4.3.13.RELEASE\spring-core-4.3.13.RELEASE.jar;D:\eclipse2\repository\commons-logging\commons-logging\1.2\commons-logging-1.2.jar;D:\eclipse2\repository\org\springframework\spring-context\4.3.13.RELEASE\spring-context-4.3.13.RELEASE.jar;D:\eclipse2\repository\org\springframework\spring-aop\4.3.13.RELEASE\spring-aop-4.3.13.RELEASE.jar;D:\eclipse2\repository\org\springframework\spring-expression\4.3.13.RELEASE\spring-expression-4.3.13.RELEASE.jar;D:\eclipse2\repository\org\springframework\spring-beans\4.3.13.RELEASE\spring-beans-4.3.13.RELEASE.jar;D:\eclipse2\repository\org\springframework\spring-web\4.3.13.RELEASE\spring-web-4.3.13.RELEASE.jar;D:\eclipse2\repository\org\springframework\spring-webmvc\4.3.13.RELEASE\spring-webmvc-4.3.13.RELEASE.jar;D:\eclipse2\repository\org\springframework\spring-jdbc\4.3.13.RELEASE\spring-jdbc-4.3.13.RELEASE.jar;D:\eclipse2\repository\org\springframework\spring-tx\4.3.13.RELEASE\spring-tx-4.3.13.RELEASE.jar;D:\eclipse2\repository\org\springframework\spring-context-support\4.3.13.RELEASE\spring-context-support-4.3.13.RELEASE.jar;D:\eclipse2\repository\org\mybatis\mybatis\3.4.2\mybatis-3.4.2.jar;D:\eclipse2\repository\org\mybatis\mybatis-spring\1.3.0\mybatis-spring-1.3.0.jar;D:\eclipse2\repository\com\alibaba\druid\1.0.9\druid-1.0.9.jar;C:\Program Files\Java\jdk1.8.0_91\jre\..\lib\jconsole.jar;C:\Program Files\Java\jdk1.8.0_91\jre\..\lib\tools.jar;D:\eclipse2\repository\mysql\mysql-connector-java\5.1.6\mysql-connector-java-5.1.6.jar;D:\eclipse2\repository\log4j\log4j\1.2.17\log4j-1.2.17.jar;D:\eclipse2\repository\junit\junit\4.12\junit-4.12.jar;D:\eclipse2\repository\org\hamcrest\hamcrest-core\1.3\hamcrest-core-1.3.jar;D:\eclipse2\repository\commons-fileupload\commons-fileupload\1.3.1\commons-fileupload-1.3.1.jar;D:\eclipse2\repository\commons-io\commons-io\1.3.1\commons-io-1.3.1.jar;D:\eclipse2\repository\org\apache\poi\poi\3.9\poi-3.9.jar;D:\eclipse2\repository\commons-codec\commons-codec\1.5\commons-codec-1.5.jar;D:\eclipse2\repository\jstl\jstl\1.2\jstl-1.2.jar;D:\eclipse2\repository\javax\servlet\jsp\jsp-api\2.2\jsp-api-2.2.jar;D:\eclipse2\repository\javax\servlet\servlet-api\2.5\servlet-api-2.5.jar;D:\eclipse2\repository\com\fasterxml\jackson\core\jackson-databind\2.8.1\jackson-databind-2.8.1.jar;D:\eclipse2\repository\com\fasterxml\jackson\core\jackson-annotations\2.8.0\jackson-annotations-2.8.0.jar;D:\eclipse2\repository\com\fasterxml\jackson\core\jackson-core\2.8.1\jackson-core-2.8.1.jar;D:\eclipse2\repository\org\apache\commons\commons-lang3\3.3.2\commons-lang3-3.3.2.jar;D:\eclipse2\repository\org\aspectj\aspectjweaver\1.8.0\aspectjweaver-1.8.0.jar;D:\eclipse2\repository\org\aspectj\aspectjrt\1.8.0\aspectjrt-1.8.0.jar;D:\eclipse2\repository\com\github\pagehelper\pagehelper\5.1.2\pagehelper-5.1.2.jar;D:\eclipse2\repository\com\github\jsqlparser\jsqlparser\1.0\jsqlparser-1.0.jar;D:\eclipse2\repository\org\springframework\spring-test\4.3.13.RELEASE\spring-test-4.3.13.RELEASE.jar;D:\eclipse2\repository\com\googlecode\json-simple\json-simple\1.1.1\json-simple-1.1.1.jar;, user.name=Administrator, java.vm.specification.version=1.8, sun.java.command=D:\class\1703a_ssm\lzy_shop\target\surefire\surefirebooter1685568238458422195.jar D:\class\1703a_ssm\lzy_shop\target\surefire\surefire1346649292461137069tmp D:\class\1703a_ssm\lzy_shop\target\surefire\surefire_06918526423129736859tmp, java.home=C:\Program Files\Java\jdk1.8.0_91\jre, sun.arch.data.model=64, user.language=zh, java.specification.vendor=Oracle Corporation, awt.toolkit=sun.awt.windows.WToolkit, java.vm.info=mixed mode, java.version=1.8.0_91, java.ext.dirs=C:\Program Files\Java\jdk1.8.0_91\jre\lib\ext;C:\WINDOWS\Sun\Java\lib\ext, sun.boot.class.path=C:\Program Files\Java\jdk1.8.0_91\jre\lib\resources.jar;C:\Program Files\Java\jdk1.8.0_91\jre\lib\rt.jar;C:\Program Files\Java\jdk1.8.0_91\jre\lib\sunrsasign.jar;C:\Program Files\Java\jdk1.8.0_91\jre\lib\jsse.jar;C:\Program Files\Java\jdk1.8.0_91\jre\lib\jce.jar;C:\Program Files\Java\jdk1.8.0_91\jre\lib\charsets.jar;C:\Program Files\Java\jdk1.8.0_91\jre\lib\jfr.jar;C:\Program Files\Java\jdk1.8.0_91\jre\classes, java.vendor=Oracle Corporation, localRepository=D:\eclipse2\repository, file.separator=\, java.vendor.url.bug=http://bugreport.sun.com/bugreport/, sun.io.unicode.encoding=UnicodeLittle, sun.cpu.endian=little, sun.desktop=windows, sun.cpu.isalist=amd64}}, SystemEnvironmentPropertySource@982757413 {name=&apos;systemEnvironment&apos;, properties={PATH=C:/Program Files/Java/jdk1.8.0_91/bin/../jre/bin/server;C:/Program Files/Java/jdk1.8.0_91/bin/../jre/bin;C:/Program Files/Java/jdk1.8.0_91/bin/../jre/lib/amd64;C:\Program Files\Java\jdk1.8.0_91\bin;;C:\Program Files\NVIDIA Corporation\NVIDIA NvDLISR;C:\Program Files\MySQL\MySQL Server 5.5\bin;C:\Program Files\Java\jdk1.8.0_91\bin;;D:\�Ѻ���Ƶ\�Ѻ�Ӱ��\5.2.7.2;D:\eclipse2\eclipse;, USERDOMAIN_ROAMINGPROFILE=������, PROCESSOR_LEVEL=6, SYSTEMDRIVE=C:, SESSIONNAME=Console, ALLUSERSPROFILE=C:\ProgramData, PROCESSOR_ARCHITECTURE=AMD64, DRIVERDATA=C:\Windows\System32\Drivers\DriverData, MAVEN_HOME=D:\eclipse2\apache-maven-3.6.0-bin, PROGRAMFILES=C:\Program Files, PSMODULEPATH=C:\Program Files\WindowsPowerShell\Modules;C:\WINDOWS\system32\WindowsPowerShell\v1.0\Modules, PROGRAMDATA=C:\ProgramData, USERNAME=Administrator, FPS_BROWSER_USER_PROFILE_STRING=Default, ONEDRIVE=C:\Users\Administrator\OneDrive, PATHEXT=.COM;.EXE;.BAT;.CMD;.VBS;.VBE;.JS;.JSE;.WSF;.WSH;.MSC, WINDIR=C:\WINDOWS, LIBRARY_PATH=C:\Users\Public\Downloads\MinGW64\lib, HOMEPATH=\Users\Administrator, PROCESSOR_IDENTIFIER=Intel64 Family 6 Model 158 Stepping 9, GenuineIntel, C_INCLUDEDE_PATH=C:\Users\Public\Downloads\MinGW64\include, PUBLIC=C:\Users\Public, LNKENV=C:\Program Files (x86)\Internet Explorer\IEXPLORE.EXE, =::=::\, LOCALAPPDATA=C:\Users\Administrator\AppData\Local, COMMONPROGRAMFILES(X86)=C:\Program Files (x86)\Common Files, USERDOMAIN=������, FPS_BROWSER_APP_PROFILE_STRING=Internet Explorer, LOGONSERVER=\\������, PROMPT=$P$G, PROGRAMFILES(X86)=C:\Program Files (x86), ASL.LOG=Destination=file, =C:=C:\, APPDATA=C:\Users\Administrator\AppData\Roaming, PROGRAMW6432=C:\Program Files, SYSTEMROOT=C:\WINDOWS, OS=Windows_NT, SHPLAYER=D:\�Ѻ���Ƶ\�Ѻ�Ӱ��\5.2.7.2, COMMONPROGRAMW6432=C:\Program Files\Common Files, COMPUTERNAME=������, COMMONPROGRAMFILES=C:\Program Files\Common Files, COMSPEC=C:\WINDOWS\system32\cmd.exe, PROCESSOR_REVISION=9e09, =D:=D:\class\1703a_ssm\lzy_shop, TEMP=C:\Users\ADMINI~1\AppData\Local\Temp, HOMEDRIVE=C:, USERPROFILE=C:\Users\Administrator, TMP=C:\Users\ADMINI~1\AppData\Local\Temp, NUMBER_OF_PROCESSORS=8}}]
Resolved classpath location [com/lzy/shop/dao/] to resources [URL [file:/D:/class/1703a_ssm/lzy_shop/target/classes/com/lzy/shop/dao/]]
Looking for matching resources in directory tree [D:\class\1703a_ssm\lzy_shop\target\classes\com\lzy\shop\dao]
Searching directory [D:\class\1703a_ssm\lzy_shop\target\classes\com\lzy\shop\dao] for files matching pattern [D:/class/1703a_ssm/lzy_shop/target/classes/com/lzy/shop/dao/**/*.class]
Resolved location pattern [classpath*:com/lzy/shop/dao/**/*.class] to resources [file [D:\class\1703a_ssm\lzy_shop\target\classes\com\lzy\shop\dao\ShopMapper.class]]
Identified candidate component class: file [D:\class\1703a_ssm\lzy_shop\target\classes\com\lzy\shop\dao\ShopMapper.class]
Creating MapperFactoryBean with name &apos;shopMapper&apos; and &apos;com.lzy.shop.dao.ShopMapper&apos; mapperInterface
Enabling autowire by type for MapperFactoryBean with name &apos;shopMapper&apos;.
Creating shared instance of singleton bean &apos;org.springframework.context.support.PropertySourcesPlaceholderConfigurer#0&apos;
Creating instance of bean &apos;org.springframework.context.support.PropertySourcesPlaceholderConfigurer#0&apos;
Eagerly caching bean &apos;org.springframework.context.support.PropertySourcesPlaceholderConfigurer#0&apos; to allow for resolving potential circular references
Finished creating instance of bean &apos;org.springframework.context.support.PropertySourcesPlaceholderConfigurer#0&apos;
Adding PropertySource &apos;environmentProperties&apos; with lowest search precedence
Loading properties file from class path resource [db.properties]
Adding PropertySource &apos;localProperties&apos; with lowest search precedence
Could not find key &apos;jdbc.driver&apos; in any property source
Found key &apos;jdbc.driver&apos; in PropertySource &apos;localProperties&apos; with value of type String
Could not find key &apos;jdbc.url&apos; in any property source
Found key &apos;jdbc.url&apos; in PropertySource &apos;localProperties&apos; with value of type String
Could not find key &apos;jdbc.username&apos; in any property source
Found key &apos;jdbc.username&apos; in PropertySource &apos;localProperties&apos; with value of type String
Could not find key &apos;jdbc.password&apos; in any property source
Found key &apos;jdbc.password&apos; in PropertySource &apos;localProperties&apos; with value of type String
Creating shared instance of singleton bean &apos;org.springframework.context.annotation.internalAutowiredAnnotationProcessor&apos;
Creating instance of bean &apos;org.springframework.context.annotation.internalAutowiredAnnotationProcessor&apos;
Eagerly caching bean &apos;org.springframework.context.annotation.internalAutowiredAnnotationProcessor&apos; to allow for resolving potential circular references
Finished creating instance of bean &apos;org.springframework.context.annotation.internalAutowiredAnnotationProcessor&apos;
Creating shared instance of singleton bean &apos;org.springframework.context.annotation.internalRequiredAnnotationProcessor&apos;
Creating instance of bean &apos;org.springframework.context.annotation.internalRequiredAnnotationProcessor&apos;
Eagerly caching bean &apos;org.springframework.context.annotation.internalRequiredAnnotationProcessor&apos; to allow for resolving potential circular references
Finished creating instance of bean &apos;org.springframework.context.annotation.internalRequiredAnnotationProcessor&apos;
Creating shared instance of singleton bean &apos;org.springframework.context.annotation.internalCommonAnnotationProcessor&apos;
Creating instance of bean &apos;org.springframework.context.annotation.internalCommonAnnotationProcessor&apos;
Eagerly caching bean &apos;org.springframework.context.annotation.internalCommonAnnotationProcessor&apos; to allow for resolving potential circular references
Finished creating instance of bean &apos;org.springframework.context.annotation.internalCommonAnnotationProcessor&apos;
Creating shared instance of singleton bean &apos;org.springframework.aop.config.internalAutoProxyCreator&apos;
Creating instance of bean &apos;org.springframework.aop.config.internalAutoProxyCreator&apos;
Eagerly caching bean &apos;org.springframework.aop.config.internalAutoProxyCreator&apos; to allow for resolving potential circular references
Finished creating instance of bean &apos;org.springframework.aop.config.internalAutoProxyCreator&apos;
Unable to locate MessageSource with name &apos;messageSource&apos;: using default [org.springframework.context.support.DelegatingMessageSource@5e0e82ae]
Unable to locate ApplicationEventMulticaster with name &apos;applicationEventMulticaster&apos;: using default [org.springframework.context.event.SimpleApplicationEventMulticaster@3754a4bf]
Pre-instantiating singletons in org.springframework.beans.factory.support.DefaultListableBeanFactory@3b2da18f: defining beans [shopServiceImpl,org.springframework.context.annotation.internalConfigurationAnnotationProcessor,org.springframework.context.annotation.internalAutowiredAnnotationProcessor,org.springframework.context.annotation.internalRequiredAnnotationProcessor,org.springframework.context.annotation.internalCommonAnnotationProcessor,org.springframework.context.event.internalEventListenerProcessor,org.springframework.context.event.internalEventListenerFactory,org.springframework.context.support.PropertySourcesPlaceholderConfigurer#0,dataSource,sqlSessionFactory,transactionManager,txAdvice,org.springframework.aop.config.internalAutoProxyCreator,pointcut,org.springframework.aop.support.DefaultBeanFactoryPointcutAdvisor#0,org.mybatis.spring.mapper.MapperScannerConfigurer#0,shopMapper]; root of factory hierarchy
Creating shared instance of singleton bean &apos;shopServiceImpl&apos;
Creating instance of bean &apos;shopServiceImpl&apos;
Creating shared instance of singleton bean &apos;org.springframework.aop.support.DefaultBeanFactoryPointcutAdvisor#0&apos;
Creating instance of bean &apos;org.springframework.aop.support.DefaultBeanFactoryPointcutAdvisor#0&apos;
Eagerly caching bean &apos;org.springframework.aop.support.DefaultBeanFactoryPointcutAdvisor#0&apos; to allow for resolving potential circular references
Creating instance of bean &apos;pointcut&apos;
Finished creating instance of bean &apos;pointcut&apos;
Finished creating instance of bean &apos;org.springframework.aop.support.DefaultBeanFactoryPointcutAdvisor#0&apos;
Registered injected element on class [com.lzy.shop.service.ShopServiceImpl]: AutowiredFieldElement for private com.lzy.shop.dao.ShopMapper com.lzy.shop.service.ShopServiceImpl.mapper
Eagerly caching bean &apos;shopServiceImpl&apos; to allow for resolving potential circular references
Processing injected element of bean &apos;shopServiceImpl&apos;: AutowiredFieldElement for private com.lzy.shop.dao.ShopMapper com.lzy.shop.service.ShopServiceImpl.mapper
Returning cached instance of singleton bean &apos;org.springframework.aop.support.DefaultBeanFactoryPointcutAdvisor#0&apos;
Logging initialized using &apos;class org.apache.ibatis.logging.commons.JakartaCommonsLoggingImpl&apos; adapter.
Returning cached instance of singleton bean &apos;org.springframework.aop.support.DefaultBeanFactoryPointcutAdvisor#0&apos;
Creating shared instance of singleton bean &apos;shopMapper&apos;
Creating instance of bean &apos;shopMapper&apos;
Returning cached instance of singleton bean &apos;org.springframework.aop.support.DefaultBeanFactoryPointcutAdvisor#0&apos;
Eagerly caching bean &apos;shopMapper&apos; to allow for resolving potential circular references
Creating shared instance of singleton bean &apos;sqlSessionFactory&apos;
Creating instance of bean &apos;sqlSessionFactory&apos;
Returning cached instance of singleton bean &apos;org.springframework.aop.support.DefaultBeanFactoryPointcutAdvisor#0&apos;
Eagerly caching bean &apos;sqlSessionFactory&apos; to allow for resolving potential circular references
Creating shared instance of singleton bean &apos;dataSource&apos;
Creating instance of bean &apos;dataSource&apos;
Returning cached instance of singleton bean &apos;org.springframework.aop.support.DefaultBeanFactoryPointcutAdvisor#0&apos;
Eagerly caching bean &apos;dataSource&apos; to allow for resolving potential circular references
Returning cached instance of singleton bean &apos;org.springframework.aop.support.DefaultBeanFactoryPointcutAdvisor#0&apos;
Returning cached instance of singleton bean &apos;org.springframework.aop.support.DefaultBeanFactoryPointcutAdvisor#0&apos;
Finished creating instance of bean &apos;dataSource&apos;
Invoking afterPropertiesSet() on bean with name &apos;sqlSessionFactory&apos;
Class not found: org.jboss.vfs.VFS
JBoss 6 VFS API is not available in this environment.
Class not found: org.jboss.vfs.VirtualFile
VFS implementation org.apache.ibatis.io.JBoss6VFS is not valid in this environment.
Using VFS adapter org.apache.ibatis.io.DefaultVFS
Find JAR URL: file:/D:/class/1703a_ssm/lzy_shop/target/classes/com/lzy/shop/domain
Not a JAR: file:/D:/class/1703a_ssm/lzy_shop/target/classes/com/lzy/shop/domain
Reader entry: Shop.class
Reader entry: Type.class
Listing file:/D:/class/1703a_ssm/lzy_shop/target/classes/com/lzy/shop/domain
Find JAR URL: file:/D:/class/1703a_ssm/lzy_shop/target/classes/com/lzy/shop/domain/Shop.class
Not a JAR: file:/D:/class/1703a_ssm/lzy_shop/target/classes/com/lzy/shop/domain/Shop.class
Reader entry: ����&amp;#0;&amp;#0;&amp;#0;4&amp;#0;:
Find JAR URL: file:/D:/class/1703a_ssm/lzy_shop/target/classes/com/lzy/shop/domain/Type.class
Not a JAR: file:/D:/class/1703a_ssm/lzy_shop/target/classes/com/lzy/shop/domain/Type.class
Reader entry: ����&amp;#0;&amp;#0;&amp;#0;4&amp;#0;3
Checking to see if class com.lzy.shop.domain.Shop matches criteria [is assignable to Object]
Checking to see if class com.lzy.shop.domain.Type matches criteria [is assignable to Object]
Parsed configuration file: &apos;class path resource [mybatis.xml]&apos;
Property &apos;mapperLocations&apos; was not specified or no matching resources found
Returning cached instance of singleton bean &apos;org.springframework.aop.support.DefaultBeanFactoryPointcutAdvisor#0&apos;
Returning cached instance of singleton bean &apos;org.springframework.aop.support.DefaultBeanFactoryPointcutAdvisor#0&apos;
Finished creating instance of bean &apos;sqlSessionFactory&apos;
Returning cached instance of singleton bean &apos;org.springframework.aop.support.DefaultBeanFactoryPointcutAdvisor#0&apos;
Returning cached instance of singleton bean &apos;org.springframework.aop.support.DefaultBeanFactoryPointcutAdvisor#0&apos;
Autowiring by type from bean name &apos;shopMapper&apos; via property &apos;sqlSessionFactory&apos; to bean named &apos;sqlSessionFactory&apos;
Invoking afterPropertiesSet() on bean with name &apos;shopMapper&apos;
Returning cached instance of singleton bean &apos;org.springframework.aop.support.DefaultBeanFactoryPointcutAdvisor#0&apos;
Returning cached instance of singleton bean &apos;org.springframework.aop.support.DefaultBeanFactoryPointcutAdvisor#0&apos;
Finished creating instance of bean &apos;shopMapper&apos;
Returning cached instance of singleton bean &apos;org.springframework.aop.support.DefaultBeanFactoryPointcutAdvisor#0&apos;
Returning cached instance of singleton bean &apos;org.springframework.aop.support.DefaultBeanFactoryPointcutAdvisor#0&apos;
Autowiring by type from bean name &apos;shopServiceImpl&apos; to bean named &apos;shopMapper&apos;
Returning cached instance of singleton bean &apos;org.springframework.aop.support.DefaultBeanFactoryPointcutAdvisor#0&apos;
Returning cached instance of singleton bean &apos;org.springframework.aop.support.DefaultBeanFactoryPointcutAdvisor#0&apos;
Creating shared instance of singleton bean &apos;txAdvice&apos;
Creating instance of bean &apos;txAdvice&apos;
Eagerly caching bean &apos;txAdvice&apos; to allow for resolving potential circular references
Creating shared instance of singleton bean &apos;transactionManager&apos;
Creating instance of bean &apos;transactionManager&apos;
Returning cached instance of singleton bean &apos;org.springframework.aop.support.DefaultBeanFactoryPointcutAdvisor#0&apos;
Eagerly caching bean &apos;transactionManager&apos; to allow for resolving potential circular references
Returning cached instance of singleton bean &apos;dataSource&apos;
Invoking afterPropertiesSet() on bean with name &apos;transactionManager&apos;
Returning cached instance of singleton bean &apos;org.springframework.aop.support.DefaultBeanFactoryPointcutAdvisor#0&apos;
Returning cached instance of singleton bean &apos;org.springframework.aop.support.DefaultBeanFactoryPointcutAdvisor#0&apos;
Finished creating instance of bean &apos;transactionManager&apos;
Creating instance of bean &apos;(inner bean)#c667f46&apos;
Returning cached instance of singleton bean &apos;org.springframework.aop.support.DefaultBeanFactoryPointcutAdvisor#0&apos;
Adding transactional method [find*] with attribute [PROPAGATION_REQUIRED,ISOLATION_DEFAULT,readOnly]
Adding transactional method [select*] with attribute [PROPAGATION_REQUIRED,ISOLATION_DEFAULT,readOnly]
Adding transactional method [get*] with attribute [PROPAGATION_REQUIRED,ISOLATION_DEFAULT,readOnly]
Adding transactional method [load*] with attribute [PROPAGATION_REQUIRED,ISOLATION_DEFAULT,readOnly]
Adding transactional method [list*] with attribute [PROPAGATION_REQUIRED,ISOLATION_DEFAULT,readOnly]
Adding transactional method [*] with attribute [PROPAGATION_REQUIRED,ISOLATION_DEFAULT]
Returning cached instance of singleton bean &apos;org.springframework.aop.support.DefaultBeanFactoryPointcutAdvisor#0&apos;
Returning cached instance of singleton bean &apos;org.springframework.aop.support.DefaultBeanFactoryPointcutAdvisor#0&apos;
Finished creating instance of bean &apos;(inner bean)#c667f46&apos;
Invoking afterPropertiesSet() on bean with name &apos;txAdvice&apos;
Finished creating instance of bean &apos;txAdvice&apos;
Creating implicit proxy for bean &apos;shopServiceImpl&apos; with 0 common interceptors and 2 specific interceptors
Creating JDK dynamic proxy: target source is SingletonTargetSource for target object [com.lzy.shop.service.ShopServiceImpl@39b43d60]
Finished creating instance of bean &apos;shopServiceImpl&apos;
Returning cached instance of singleton bean &apos;org.springframework.context.annotation.internalConfigurationAnnotationProcessor&apos;
Returning cached instance of singleton bean &apos;org.springframework.context.annotation.internalAutowiredAnnotationProcessor&apos;
Returning cached instance of singleton bean &apos;org.springframework.context.annotation.internalRequiredAnnotationProcessor&apos;
Returning cached instance of singleton bean &apos;org.springframework.context.annotation.internalCommonAnnotationProcessor&apos;
Creating shared instance of singleton bean &apos;org.springframework.context.event.internalEventListenerProcessor&apos;
Creating instance of bean &apos;org.springframework.context.event.internalEventListenerProcessor&apos;
Returning cached instance of singleton bean &apos;org.springframework.aop.support.DefaultBeanFactoryPointcutAdvisor#0&apos;
Eagerly caching bean &apos;org.springframework.context.event.internalEventListenerProcessor&apos; to allow for resolving potential circular references
Returning cached instance of singleton bean &apos;org.springframework.aop.support.DefaultBeanFactoryPointcutAdvisor#0&apos;
Returning cached instance of singleton bean &apos;org.springframework.aop.support.DefaultBeanFactoryPointcutAdvisor#0&apos;
Finished creating instance of bean &apos;org.springframework.context.event.internalEventListenerProcessor&apos;
Creating shared instance of singleton bean &apos;org.springframework.context.event.internalEventListenerFactory&apos;
Creating instance of bean &apos;org.springframework.context.event.internalEventListenerFactory&apos;
Returning cached instance of singleton bean &apos;org.springframework.aop.support.DefaultBeanFactoryPointcutAdvisor#0&apos;
Eagerly caching bean &apos;org.springframework.context.event.internalEventListenerFactory&apos; to allow for resolving potential circular references
Returning cached instance of singleton bean &apos;org.springframework.aop.support.DefaultBeanFactoryPointcutAdvisor#0&apos;
Returning cached instance of singleton bean &apos;org.springframework.aop.support.DefaultBeanFactoryPointcutAdvisor#0&apos;
Finished creating instance of bean &apos;org.springframework.context.event.internalEventListenerFactory&apos;
Returning cached instance of singleton bean &apos;org.springframework.context.support.PropertySourcesPlaceholderConfigurer#0&apos;
Returning cached instance of singleton bean &apos;dataSource&apos;
Returning cached instance of singleton bean &apos;sqlSessionFactory&apos;
Returning cached instance of singleton bean &apos;transactionManager&apos;
Returning cached instance of singleton bean &apos;txAdvice&apos;
Returning cached instance of singleton bean &apos;org.springframework.aop.config.internalAutoProxyCreator&apos;
Returning cached instance of singleton bean &apos;org.springframework.aop.support.DefaultBeanFactoryPointcutAdvisor#0&apos;
Returning cached instance of singleton bean &apos;org.mybatis.spring.mapper.MapperScannerConfigurer#0&apos;
Returning cached instance of singleton bean &apos;shopMapper&apos;
Returning cached instance of singleton bean &apos;org.springframework.context.event.internalEventListenerFactory&apos;
Unable to locate LifecycleProcessor with name &apos;lifecycleProcessor&apos;: using default [org.springframework.context.support.DefaultLifecycleProcessor@589da3f3]
Returning cached instance of singleton bean &apos;lifecycleProcessor&apos;
Returning cached instance of singleton bean &apos;sqlSessionFactory&apos;
Could not find key &apos;spring.liveBeansView.mbeanDomain&apos; in any property source
Storing ApplicationContext in cache under key [[MergedContextConfiguration@10bdf5e5 testClass = ShopServiceImplTest, locations = &apos;{classpath:spring-beans.xml}&apos;, classes = &apos;{}&apos;, contextInitializerClasses = &apos;[]&apos;, activeProfiles = &apos;{}&apos;, propertySourceLocations = &apos;{}&apos;, propertySourceProperties = &apos;{}&apos;, contextCustomizers = set[[empty]], contextLoader = &apos;org.springframework.test.context.support.DelegatingSmartContextLoader&apos;, parent = [null]]]
Spring test ApplicationContext cache statistics: [DefaultContextCache@7f8a9499 size = 1, maxSize = 32, parentContextCount = 0, hitCount = 0, missCount = 1]
Processing injected element of bean &apos;com.lzy.shop.service.ShopServiceImplTest&apos;: ResourceElement for com.lzy.shop.service.ShopService com.lzy.shop.service.ShopServiceImplTest.service
Returning cached instance of singleton bean &apos;shopServiceImpl&apos;
Returning cached instance of singleton bean &apos;org.springframework.aop.support.DefaultBeanFactoryPointcutAdvisor#0&apos;
Returning cached instance of singleton bean &apos;org.springframework.aop.support.DefaultBeanFactoryPointcutAdvisor#0&apos;
Creating implicit proxy for bean &apos;com.lzy.shop.service.ShopServiceImplTest&apos; with 0 common interceptors and 2 specific interceptors
Creating CGLIB proxy: target source is SingletonTargetSource for target object [com.lzy.shop.service.ShopServiceImplTest@a67c67e]
Unable to apply any optimizations to advised method: public void com.lzy.shop.service.ShopServiceImplTest.test()
Found &apos;equals&apos; method: public boolean java.lang.Object.equals(java.lang.Object)
Unable to apply any optimizations to advised method: public java.lang.String java.lang.Object.toString()
Found &apos;hashCode&apos; method: public native int java.lang.Object.hashCode()
Unable to apply any optimizations to advised method: protected native java.lang.Object java.lang.Object.clone() throws java.lang.CloneNotSupportedException
Method is declared on Advised interface: public abstract int org.springframework.aop.framework.Advised.indexOf(org.aopalliance.aop.Advice)
Method is declared on Advised interface: public abstract int org.springframework.aop.framework.Advised.indexOf(org.springframework.aop.Advisor)
Method is declared on Advised interface: public abstract boolean org.springframework.aop.framework.Advised.isFrozen()
Method is declared on Advised interface: public abstract void org.springframework.aop.framework.Advised.setTargetSource(org.springframework.aop.TargetSource)
Method is declared on Advised interface: public abstract org.springframework.aop.TargetSource org.springframework.aop.framework.Advised.getTargetSource()
Method is declared on Advised interface: public abstract void org.springframework.aop.framework.Advised.setPreFiltered(boolean)
Method is declared on Advised interface: public abstract void org.springframework.aop.framework.Advised.setExposeProxy(boolean)
Method is declared on Advised interface: public abstract boolean org.springframework.aop.framework.Advised.isExposeProxy()
Method is declared on Advised interface: public abstract boolean org.springframework.aop.framework.Advised.isProxyTargetClass()
Method is declared on Advised interface: public abstract java.lang.String org.springframework.aop.framework.Advised.toProxyConfigString()
Method is declared on Advised interface: public abstract java.lang.Class[] org.springframework.aop.framework.Advised.getProxiedInterfaces()
Method is declared on Advised interface: public abstract boolean org.springframework.aop.framework.Advised.isInterfaceProxied(java.lang.Class)
Method is declared on Advised interface: public abstract void org.springframework.aop.framework.Advised.addAdvice(org.aopalliance.aop.Advice) throws org.springframework.aop.framework.AopConfigException
Method is declared on Advised interface: public abstract void org.springframework.aop.framework.Advised.addAdvice(int,org.aopalliance.aop.Advice) throws org.springframework.aop.framework.AopConfigException
Method is declared on Advised interface: public abstract boolean org.springframework.aop.framework.Advised.removeAdvice(org.aopalliance.aop.Advice)
Method is declared on Advised interface: public abstract boolean org.springframework.aop.framework.Advised.isPreFiltered()
Method is declared on Advised interface: public abstract void org.springframework.aop.framework.Advised.addAdvisor(int,org.springframework.aop.Advisor) throws org.springframework.aop.framework.AopConfigException
Method is declared on Advised interface: public abstract void org.springframework.aop.framework.Advised.addAdvisor(org.springframework.aop.Advisor) throws org.springframework.aop.framework.AopConfigException
Method is declared on Advised interface: public abstract org.springframework.aop.Advisor[] org.springframework.aop.framework.Advised.getAdvisors()
Method is declared on Advised interface: public abstract boolean org.springframework.aop.framework.Advised.removeAdvisor(org.springframework.aop.Advisor)
Method is declared on Advised interface: public abstract void org.springframework.aop.framework.Advised.removeAdvisor(int) throws org.springframework.aop.framework.AopConfigException
Method is declared on Advised interface: public abstract boolean org.springframework.aop.framework.Advised.replaceAdvisor(org.springframework.aop.Advisor,org.springframework.aop.Advisor) throws org.springframework.aop.framework.AopConfigException
Method is declared on Advised interface: public abstract java.lang.Class org.springframework.aop.TargetClassAware.getTargetClass()
Before test method: context [DefaultTestContext@dc24521 testClass = ShopServiceImplTest, testInstance = com.lzy.shop.service.ShopServiceImplTest@a67c67e, testMethod = test@ShopServiceImplTest, testException = [null], mergedContextConfiguration = [MergedContextConfiguration@10bdf5e5 testClass = ShopServiceImplTest, locations = &apos;{classpath:spring-beans.xml}&apos;, classes = &apos;{}&apos;, contextInitializerClasses = &apos;[]&apos;, activeProfiles = &apos;{}&apos;, propertySourceLocations = &apos;{}&apos;, propertySourceProperties = &apos;{}&apos;, contextCustomizers = set[[empty]], contextLoader = &apos;org.springframework.test.context.support.DelegatingSmartContextLoader&apos;, parent = [null]]], class annotated with @DirtiesContext [false] with mode [null], method annotated with @DirtiesContext [false] with mode [null].
Creating new transaction with name [com.lzy.shop.service.ShopServiceImpl.getList]: PROPAGATION_REQUIRED,ISOLATION_DEFAULT,readOnly
{dataSource-1} inited
Acquired Connection [com.mysql.jdbc.JDBC4Connection@1608bcbd] for JDBC transaction
Setting JDBC Connection [com.mysql.jdbc.JDBC4Connection@1608bcbd] read-only
Switching JDBC Connection [com.mysql.jdbc.JDBC4Connection@1608bcbd] to manual commit
Initiating transaction rollback
Rolling back JDBC transaction on Connection [com.mysql.jdbc.JDBC4Connection@1608bcbd]
Resetting read-only flag of JDBC Connection [com.mysql.jdbc.JDBC4Connection@1608bcbd]
Releasing JDBC Connection [com.mysql.jdbc.JDBC4Connection@1608bcbd] after transaction
Returning JDBC Connection to DataSource
After test method: context [DefaultTestContext@dc24521 testClass = ShopServiceImplTest, testInstance = com.lzy.shop.service.ShopServiceImplTest@a67c67e, testMethod = test@ShopServiceImplTest, testException = org.apache.ibatis.binding.BindingException: Invalid bound statement (not found): com.lzy.shop.dao.ShopMapper.getList, mergedContextConfiguration = [MergedContextConfiguration@10bdf5e5 testClass = ShopServiceImplTest, locations = &apos;{classpath:spring-beans.xml}&apos;, classes = &apos;{}&apos;, contextInitializerClasses = &apos;[]&apos;, activeProfiles = &apos;{}&apos;, propertySourceLocations = &apos;{}&apos;, propertySourceProperties = &apos;{}&apos;, contextCustomizers = set[[empty]], contextLoader = &apos;org.springframework.test.context.support.DelegatingSmartContextLoader&apos;, parent = [null]]], class annotated with @DirtiesContext [false] with mode [null], method annotated with @DirtiesContext [false] with mode [null].
</system-out>
  </testcase>
</testsuite>